<?xml version="1.0" encoding="UTF-8"?>
<testsuite xmlns:xsi="http://www.w3.org/2001/XMLSchema-instance" xsi:noNamespaceSchemaLocation="https://maven.apache.org/surefire/maven-surefire-plugin/xsd/surefire-test-report.xsd" version="3.0.2" name="com.cloudonix.opbx.acd.QueueEngineTest" time="0.105" tests="20" errors="0" skipped="0" failures="0">
  <properties>
[...]
</properties>
  <testcase name="enqueueAssignsFifoPositions" classname="com.cloudonix.opbx.acd.QueueEngineTest" time="0.038"/>
  <testcase name="headCallDialsAvailableAgent" classname="com.cloudonix.opbx.acd.QueueEngineTest" time="0.006"/>
  <testcase name="endedEventIncrementsCountersAndAppliesWrapUp" classname="com.cloudonix.opbx.acd.QueueEngineTest" time="0.003"/>
  <testcase name="abandonedEventDequeuesCall" classname="com.cloudonix.opbx.acd.QueueEngineTest" time="0.001"/>
  <testcase name="callOverflowsAfterMaxWait" classname="com.cloudonix.opbx.acd.QueueEngineTest" time="0.001"/>
  <testcase name="queuesAreIsolatedPerOrganization" classname="com.cloudonix.opbx.acd.QueueEngineTest" time="0.003"/>
  <testcase name="leastTalkTimePicksLowestCounter" classname="com.cloudonix.opbx.acd.QueueEngineTest" time="0.001"/>
  <testcase name="wrapUpExpiresAndAgentBecomesAvailable" classname="com.cloudonix.opbx.acd.QueueEngineTest" time="0.0"/>
  <testcase name="liveReportsWaitingWithPositionsAndWaitTimes" classname="com.cloudonix.opbx.acd.QueueEngineTest" time="0.001"/>
  <testcase name="logoutClearsAgentState" classname="com.cloudonix.opbx.acd.QueueEngineTest" time="0.001"/>
  <testcase name="unknownCallOnPollIsReenqueued" classname="com.cloudonix.opbx.acd.QueueEngineTest" time="0.0"/>
  <testcase name="dialFailedReturnsAgentToAvailableWithoutCounters" classname="com.cloudonix.opbx.acd.QueueEngineTest" time="0.0"/>
  <testcase name="headCallWaitsWhenNoAgentsAvailable" classname="com.cloudonix.opbx.acd.QueueEngineTest" time="0.001"/>
  <testcase name="fewestCallsPicksLowestCounter" classname="com.cloudonix.opbx.acd.QueueEngineTest" time="0.001"/>
  <testcase name="enqueueIsIdempotent" classname="com.cloudonix.opbx.acd.QueueEngineTest" time="0.0"/>
  <testcase name="answeredEventMarksAgentBusyAndDequeuesCall" classname="com.cloudonix.opbx.acd.QueueEngineTest" time="0.0"/>
  <testcase name="roundRobinRotatesAcrossAgents" classname="com.cloudonix.opbx.acd.QueueEngineTest" time="0.001"/>
  <testcase name="nonHeadCallWaitsWithPosition" classname="com.cloudonix.opbx.acd.QueueEngineTest" time="0.0"/>
  <testcase name="manualWrapUpIsSticky" classname="com.cloudonix.opbx.acd.QueueEngineTest" time="0.001"/>
  <testcase name="ringAllReturnsAllAvailableAgents" classname="com.cloudonix.opbx.acd.QueueEngineTest" time="0.0"/>
</testsuite>